<html>
<head>
<title>TestNG:  Test</title>
<link href="../testng.css" rel="stylesheet" type="text/css" />
<link href="../my-testng.css" rel="stylesheet" type="text/css" />

<style type="text/css">
.log { display: none;} 
.stack-trace { display: none;} 
</style>
<script type="text/javascript">
<!--
function flip(e) {
  current = e.style.display;
  if (current == 'block') {
    e.style.display = 'none';
    return 0;
  }
  else {
    e.style.display = 'block';
    return 1;
  }
}

function toggleBox(szDivId, elem, msg1, msg2)
{
  var res = -1;  if (document.getElementById) {
    res = flip(document.getElementById(szDivId));
  }
  else if (document.all) {
    // this is the way old msie versions work
    res = flip(document.all[szDivId]);
  }
  if(elem) {
    if(res == 0) elem.innerHTML = msg1; else elem.innerHTML = msg2;
  }

}

function toggleAllBoxes() {
  if (document.getElementsByTagName) {
    d = document.getElementsByTagName('div');
    for (i = 0; i < d.length; i++) {
      if (d[i].className == 'log') {
        flip(d[i]);
      }
    }
  }
}

// -->
</script>

</head>
<body>
<h2 align='center'>Test</h2><table border='1' align="center">
<tr>
<td>Tests passed/Failed/Skipped:</td><td>9/0/1</td>
</tr><tr>
<td>Started on:</td><td>Mon Nov 16 10:10:50 IST 2020</td>
</tr>
<tr><td>Total time:</td><td>127 seconds (127771 ms)</td>
</tr><tr>
<td>Included groups:</td><td></td>
</tr><tr>
<td>Excluded groups:</td><td></td>
</tr>
</table><p/>
<small><i>(Hover the method name to see the test class name)</i></small><p/>
<table width='100%' border='1' class='invocation-passed'>
<tr><td colspan='4' align='center'><b>PASSED TESTS</b></td></tr>
<tr><td><b>Test method</b></td>
<td width="30%"><b>Exception</b></td>
<td width="10%"><b>Time (seconds)</b></td>
<td><b>Instance</b></td>
</tr>
<tr>
<td title='com.hrms.testCases.loginTest.InvalidCredentials_001()'><b>InvalidCredentials_001</b><br>Test class: com.hrms.testCases.loginTest</td>
<td></td>
<td>1</td>
<td>com.hrms.testCases.loginTest@174d20a</td></tr>
<tr>
<td title='com.hrms.testCases.dataDrivenTest.InvalidCredentials_002()'><b>InvalidCredentials_002</b><br>Test class: com.hrms.testCases.dataDrivenTest</td>
<td></td>
<td>1</td>
<td>com.hrms.testCases.dataDrivenTest@6a024a67</td></tr>
<tr>
<td title='com.hrms.testCases.loginTest.InvalidCredentials_002()'><b>InvalidCredentials_002</b><br>Test class: com.hrms.testCases.loginTest</td>
<td></td>
<td>1</td>
<td>com.hrms.testCases.loginTest@174d20a</td></tr>
<tr>
<td title='com.hrms.testCases.dataDrivenTest.InvalidCredentials_003()'><b>InvalidCredentials_003</b><br>Test class: com.hrms.testCases.dataDrivenTest</td>
<td></td>
<td>0</td>
<td>com.hrms.testCases.dataDrivenTest@6a024a67</td></tr>
<tr>
<td title='com.hrms.testCases.loginTest.InvalidCredentials_003()'><b>InvalidCredentials_003</b><br>Test class: com.hrms.testCases.loginTest</td>
<td></td>
<td>0</td>
<td>com.hrms.testCases.loginTest@174d20a</td></tr>
<tr>
<td title='com.hrms.testCases.loginTest.ValidCredentials()'><b>ValidCredentials</b><br>Test class: com.hrms.testCases.loginTest</td>
<td></td>
<td>4</td>
<td>com.hrms.testCases.loginTest@174d20a</td></tr>
<tr>
<td title='com.hrms.testCases.addemployeetest.addemployee()'><b>addemployee</b><br>Test class: com.hrms.testCases.addemployeetest<br>Parameters: Shvia3, tester3, Regalla3</td>
<td></td>
<td>9</td>
<td>com.hrms.testCases.addemployeetest@7921b0a2</td></tr>
<tr>
<td title='com.hrms.testCases.addemployeetest.addemployee()'><b>addemployee</b><br>Test class: com.hrms.testCases.addemployeetest<br>Parameters: Ravi3, Tester3, Regalla3</td>
<td></td>
<td>15</td>
<td>com.hrms.testCases.addemployeetest@7921b0a2</td></tr>
<tr>
<td title='com.hrms.testCases.addemployeetest.addemployee()'><b>addemployee</b><br>Test class: com.hrms.testCases.addemployeetest<br>Parameters: Raju3, Tester3, Regalla3</td>
<td></td>
<td>10</td>
<td>com.hrms.testCases.addemployeetest@7921b0a2</td></tr>
</table><p>
<table width='100%' border='1' class='invocation-skipped'>
<tr><td colspan='4' align='center'><b>SKIPPED TESTS</b></td></tr>
<tr><td><b>Test method</b></td>
<td width="30%"><b>Exception</b></td>
<td width="10%"><b>Time (seconds)</b></td>
<td><b>Instance</b></td>
</tr>
<tr>
<td title='com.hrms.testCases.dataDrivenTest.InvalidCredentials_001()'><b>InvalidCredentials_001</b><br>Test class: com.hrms.testCases.dataDrivenTest</td>
<td><div><pre>java.lang.RuntimeException: java.lang.NullPointerException
Caused by: java.lang.NullPointerException
	at com.hrms.Utils.ExcelReader.loadSheet(ExcelReader.java:28)
	at com.hrms.Utils.ExcelReader.exceltoArray(ExcelReader.java:45)
	at com.hrms.testCases.dataDrivenTest.getData(dataDrivenTest.java:63)
	... 26 more
... Removed 34 stack frames</pre></div><a href='#' onClick='toggleBox("stack-trace1545087375", this, "Click to show all stack frames", "Click to hide stack frames")'>Click to show all stack frames</a>
<div class='stack-trace' id='stack-trace1545087375'><pre>java.lang.RuntimeException: java.lang.NullPointerException
	at org.testng.internal.MethodInvocationHelper.invokeMethodNoCheckedException(MethodInvocationHelper.java:49)
	at org.testng.internal.MethodInvocationHelper.invokeDataProvider(MethodInvocationHelper.java:131)
	at org.testng.internal.Parameters.handleParameters(Parameters.java:706)
	at org.testng.internal.ParameterHandler.handleParameters(ParameterHandler.java:49)
	at org.testng.internal.ParameterHandler.createParameters(ParameterHandler.java:37)
	at org.testng.internal.Invoker.invokeTestMethods(Invoker.java:924)
	at org.testng.internal.TestMethodWorker.invokeTestMethods(TestMethodWorker.java:125)
	at org.testng.internal.TestMethodWorker.run(TestMethodWorker.java:109)
	at org.testng.TestRunner.privateRun(TestRunner.java:648)
	at org.testng.TestRunner.run(TestRunner.java:505)
	at org.testng.SuiteRunner.runTest(SuiteRunner.java:455)
	at org.testng.SuiteRunner.runSequentially(SuiteRunner.java:450)
	at org.testng.SuiteRunner.privateRun(SuiteRunner.java:415)
	at org.testng.SuiteRunner.run(SuiteRunner.java:364)
	at org.testng.SuiteRunnerWorker.runSuite(SuiteRunnerWorker.java:52)
	at org.testng.SuiteRunnerWorker.run(SuiteRunnerWorker.java:84)
	at org.testng.TestNG.runSuitesSequentially(TestNG.java:1208)
	at org.testng.TestNG.runSuitesLocally(TestNG.java:1137)
	at org.testng.TestNG.runSuites(TestNG.java:1049)
	at org.testng.TestNG.run(TestNG.java:1017)
	at org.apache.maven.surefire.testng.TestNGExecutor.run(TestNGExecutor.java:284)
	at org.apache.maven.surefire.testng.TestNGXmlTestSuite.execute(TestNGXmlTestSuite.java:75)
	at org.apache.maven.surefire.testng.TestNGProvider.invoke(TestNGProvider.java:119)
	at org.apache.maven.surefire.booter.ForkedBooter.runSuitesInProcess(ForkedBooter.java:428)
	at org.apache.maven.surefire.booter.ForkedBooter.execute(ForkedBooter.java:162)
	at org.apache.maven.surefire.booter.ForkedBooter.run(ForkedBooter.java:562)
	at org.apache.maven.surefire.booter.ForkedBooter.main(ForkedBooter.java:548)
Caused by: java.lang.NullPointerException
	at com.hrms.Utils.ExcelReader.loadSheet(ExcelReader.java:28)
	at com.hrms.Utils.ExcelReader.exceltoArray(ExcelReader.java:45)
	at com.hrms.testCases.dataDrivenTest.getData(dataDrivenTest.java:63)
	at sun.reflect.NativeMethodAccessorImpl.invoke0(Native Method)
	at sun.reflect.NativeMethodAccessorImpl.invoke(Unknown Source)
	at sun.reflect.DelegatingMethodAccessorImpl.invoke(Unknown Source)
	at java.lang.reflect.Method.invoke(Unknown Source)
	at org.testng.internal.MethodInvocationHelper.invokeMethod(MethodInvocationHelper.java:124)
	at org.testng.internal.MethodInvocationHelper.invokeMethod(MethodInvocationHelper.java:74)
	at org.testng.internal.MethodInvocationHelper.invokeMethodNoCheckedException(MethodInvocationHelper.java:45)
	... 26 more
</pre></div></td>
<td>0</td>
<td>com.hrms.testCases.dataDrivenTest@6a024a67</td></tr>
</table><p>
</body>
</html>